C:\Program Files (x86)\MSBuild\Microsoft.Cpp\v4.0\Microsoft.CppBuild.targets(298,5): warning MSB8004: Intermediate Directory does not end with a trailing slash.  This build instance will add the slash as it is required to allow proper evaluation of the Intermediate Directory.
C:\Program Files (x86)\MSBuild\Microsoft.Cpp\v4.0\Microsoft.CppBuild.targets(299,5): warning MSB8004: Output Directory does not end with a trailing slash.  This build instance will add the slash as it is required to allow proper evaluation of the Output Directory.
  TutorialApplication.cpp
source\TutorialApplication.cpp(28): warning C4305: 'initializing' : truncation from 'double' to 'const float'
source\TutorialApplication.cpp(46): warning C4305: 'argument' : truncation from 'double' to 'const Ogre::Real'
source\TutorialApplication.cpp(128): warning C4305: 'argument' : truncation from 'double' to 'float'
source\TutorialApplication.cpp(128): warning C4305: 'argument' : truncation from 'double' to 'float'
source\TutorialApplication.cpp(128): warning C4305: 'argument' : truncation from 'double' to 'float'
source\TutorialApplication.cpp(146): warning C4305: 'argument' : truncation from 'double' to 'const Ogre::Real'
source\TutorialApplication.cpp(146): warning C4305: 'argument' : truncation from 'double' to 'const Ogre::Real'
source\TutorialApplication.cpp(146): warning C4305: 'argument' : truncation from 'double' to 'const Ogre::Real'
source\TutorialApplication.cpp(179): warning C4305: 'argument' : truncation from 'double' to 'Ogre::Real'
source\TutorialApplication.cpp(179): warning C4305: 'argument' : truncation from 'double' to 'Ogre::Real'
source\TutorialApplication.cpp(179): warning C4305: 'argument' : truncation from 'double' to 'Ogre::Real'
source\TutorialApplication.cpp(217): warning C4305: 'argument' : truncation from 'double' to 'Ogre::Real'
source\TutorialApplication.cpp(327): warning C4305: 'argument' : truncation from 'double' to 'const Ogre::Real'
source\TutorialApplication.cpp(327): warning C4305: 'argument' : truncation from 'double' to 'const Ogre::Real'
source\TutorialApplication.cpp(327): warning C4305: 'argument' : truncation from 'double' to 'const Ogre::Real'
source\TutorialApplication.cpp(329): warning C4305: 'argument' : truncation from 'double' to 'const Ogre::Real'
source\TutorialApplication.cpp(329): warning C4305: 'argument' : truncation from 'double' to 'const Ogre::Real'
source\TutorialApplication.cpp(329): warning C4305: 'argument' : truncation from 'double' to 'const Ogre::Real'
source\TutorialApplication.cpp(337): warning C4305: 'argument' : truncation from 'double' to 'const Ogre::Real'
source\TutorialApplication.cpp(337): warning C4305: 'argument' : truncation from 'double' to 'const Ogre::Real'
source\TutorialApplication.cpp(338): warning C4305: 'argument' : truncation from 'double' to 'const Ogre::Real'
source\TutorialApplication.cpp(338): warning C4305: 'argument' : truncation from 'double' to 'const Ogre::Real'
source\TutorialApplication.cpp(338): warning C4305: 'argument' : truncation from 'double' to 'const Ogre::Real'
source\TutorialApplication.cpp(375): warning C4305: 'argument' : truncation from 'double' to 'float'
source\TutorialApplication.cpp(375): warning C4305: 'argument' : truncation from 'double' to 'float'
source\TutorialApplication.cpp(375): warning C4305: 'argument' : truncation from 'double' to 'float'
source\TutorialApplication.cpp(375): warning C4305: 'argument' : truncation from 'double' to 'float'
source\TutorialApplication.cpp(433): warning C4305: 'argument' : truncation from 'double' to 'Ogre::Real'
source\TutorialApplication.cpp(434): warning C4305: 'argument' : truncation from 'double' to 'Ogre::Real'
source\TutorialApplication.cpp(435): warning C4305: 'argument' : truncation from 'double' to 'Ogre::Real'
source\TutorialApplication.cpp(528): warning C4305: 'initializing' : truncation from 'double' to 'float'
source\TutorialApplication.cpp(549): warning C4305: 'argument' : truncation from 'double' to 'Ogre::Real'
source\TutorialApplication.cpp(549): warning C4305: 'argument' : truncation from 'double' to 'Ogre::Real'
source\TutorialApplication.cpp(562): warning C4305: 'initializing' : truncation from 'double' to 'float'
source\TutorialApplication.cpp(578): warning C4305: 'argument' : truncation from 'double' to 'Ogre::Real'
source\TutorialApplication.cpp(578): warning C4305: 'argument' : truncation from 'double' to 'Ogre::Real'
source\TutorialApplication.cpp(592): warning C4305: 'argument' : truncation from 'double' to 'const Ogre::Real'
source\TutorialApplication.cpp(598): warning C4305: 'argument' : truncation from 'double' to 'const Ogre::Real'
source\TutorialApplication.cpp(653): warning C4305: 'argument' : truncation from 'double' to 'float'
source\TutorialApplication.cpp(653): warning C4305: 'argument' : truncation from 'double' to 'float'
source\TutorialApplication.cpp(653): warning C4305: 'argument' : truncation from 'double' to 'float'
source\TutorialApplication.cpp(675): warning C4305: 'argument' : truncation from 'double' to 'float'
source\TutorialApplication.cpp(675): warning C4305: 'argument' : truncation from 'double' to 'float'
source\TutorialApplication.cpp(675): warning C4305: 'argument' : truncation from 'double' to 'float'
source\TutorialApplication.cpp(696): warning C4305: 'argument' : truncation from 'double' to 'float'
source\TutorialApplication.cpp(696): warning C4305: 'argument' : truncation from 'double' to 'float'
source\TutorialApplication.cpp(696): warning C4305: 'argument' : truncation from 'double' to 'float'
source\TutorialApplication.cpp(696): warning C4305: 'argument' : truncation from 'double' to 'float'
source\TutorialApplication.cpp(718): warning C4305: 'argument' : truncation from 'double' to 'float'
source\TutorialApplication.cpp(718): warning C4305: 'argument' : truncation from 'double' to 'float'
source\TutorialApplication.cpp(718): warning C4305: 'argument' : truncation from 'double' to 'float'
source\TutorialApplication.cpp(718): warning C4305: 'argument' : truncation from 'double' to 'float'
source\TutorialApplication.cpp(735): warning C4305: 'argument' : truncation from 'double' to 'float'
source\TutorialApplication.cpp(735): warning C4305: 'argument' : truncation from 'double' to 'float'
source\TutorialApplication.cpp(735): warning C4305: 'argument' : truncation from 'double' to 'float'
source\TutorialApplication.cpp(735): warning C4305: 'argument' : truncation from 'double' to 'float'
source\TutorialApplication.cpp(748): warning C4305: 'argument' : truncation from 'double' to 'float'
source\TutorialApplication.cpp(748): warning C4305: 'argument' : truncation from 'double' to 'float'
source\TutorialApplication.cpp(748): warning C4305: 'argument' : truncation from 'double' to 'float'
source\TutorialApplication.cpp(760): warning C4305: 'argument' : truncation from 'double' to 'float'
source\TutorialApplication.cpp(760): warning C4305: 'argument' : truncation from 'double' to 'float'
source\TutorialApplication.cpp(760): warning C4305: 'argument' : truncation from 'double' to 'float'
source\TutorialApplication.cpp(760): warning C4305: 'argument' : truncation from 'double' to 'float'
source\TutorialApplication.cpp(772): warning C4305: 'argument' : truncation from 'double' to 'float'
source\TutorialApplication.cpp(772): warning C4305: 'argument' : truncation from 'double' to 'float'
source\TutorialApplication.cpp(772): warning C4305: 'argument' : truncation from 'double' to 'float'
  Generating code
  Finished generating code
  demo_hello.vcxproj -> C:\Users\cxl\Downloads\3D game programing\3DGP_HW01\3DGP_Assignment_Template_201709\programs\3DGP_201709_01_MultiViewports_Template\bin\Release\demo_hello.exe
