14:35:05: Creating resource group General
14:35:05: Creating resource group Internal
14:35:05: Creating resource group Autodetect
14:35:05: SceneManagerFactory for type 'DefaultSceneManager' registered.
14:35:05: Registering ResourceManager for type Material
14:35:05: Registering ResourceManager for type Mesh
14:35:05: Registering ResourceManager for type Skeleton
14:35:05: MovableObjectFactory for type 'ParticleSystem' registered.
14:35:05: OverlayElementFactory for type Panel registered.
14:35:05: OverlayElementFactory for type BorderPanel registered.
14:35:05: OverlayElementFactory for type TextArea registered.
14:35:05: Registering ResourceManager for type Font
14:35:05: ArchiveFactory for archive type FileSystem registered.
14:35:05: ArchiveFactory for archive type Zip registered.
14:35:05: DDS codec registering
14:35:05: FreeImage version: 3.13.1
14:35:05: This program uses FreeImage, a free, open source image library supporting all common bitmap formats. See http://freeimage.sourceforge.net for details
14:35:05: Supported formats: bmp,ico,jpg,jif,jpeg,jpe,jng,koa,iff,lbm,mng,pbm,pbm,pcd,pcx,pgm,pgm,png,ppm,ppm,ras,tga,targa,tif,tiff,wap,wbmp,wbm,psd,cut,xbm,xpm,gif,hdr,g3,sgi,exr,j2k,j2c,jp2,pfm,pct,pict,pic,bay,bmq,cr2,crw,cs1,dc2,dcr,dng,erf,fff,hdr,k25,kdc,mdc,mos,mrw,nef,orf,pef,pxn,raf,raw,rdc,sr2,srf,arw,3fr,cine,ia,kc2,mef,nrw,qtk,rw2,sti,drf,dsc,ptx,cap,iiq,rwz
14:35:05: Registering ResourceManager for type HighLevelGpuProgram
14:35:05: Registering ResourceManager for type Compositor
14:35:05: MovableObjectFactory for type 'Entity' registered.
14:35:05: MovableObjectFactory for type 'Light' registered.
14:35:05: MovableObjectFactory for type 'BillboardSet' registered.
14:35:05: MovableObjectFactory for type 'ManualObject' registered.
14:35:05: MovableObjectFactory for type 'BillboardChain' registered.
14:35:05: MovableObjectFactory for type 'RibbonTrail' registered.
14:35:05: OGRE EXCEPTION(6:FileNotFoundException): 'plugins.cfg' file not found! in ConfigFile::load at ..\..\..\..\OgreMain\src\OgreConfigFile.cpp (line 83)
14:35:05: plugins.cfg not found, automatic plugin loading disabled.
14:35:05: *-*-* OGRE Initialising
14:35:05: *-*-* Version 1.7.1 (Cthugha)
14:35:05: OGRE EXCEPTION(6:FileNotFoundException): 'resources.cfg' file not found! in ConfigFile::load at ..\..\..\..\OgreMain\src\OgreConfigFile.cpp (line 83)
